<?xml version="1.0" encoding="UTF-8"?>
<testng-results ignored="0" total="2" passed="2" failed="0" skipped="0">
  <reporter-output>
  </reporter-output>
  <suite started-at="2023-11-22T18:21:23 CET" name="tests.TestsExamples" finished-at="2023-11-22T18:21:26 CET" duration-ms="3227">
    <groups>
    </groups>
    <test started-at="2023-11-22T18:21:23 CET" name="Command line test" finished-at="2023-11-22T18:21:26 CET" duration-ms="3227">
      <class name="tests.TestsExamples">
        <test-method signature="test_1()[pri:0, instance:tests.TestsExamples@679b62af]" started-at="2023-11-22T18:21:23 CET" name="test_1" finished-at="2023-11-22T18:21:26 CET" duration-ms="2647" status="PASS">
          <reporter-output>
          </reporter-output>
        </test-method> <!-- test_1 -->
        <test-method signature="test_2()[pri:0, instance:tests.TestsExamples@679b62af]" started-at="2023-11-22T18:21:26 CET" name="test_2" finished-at="2023-11-22T18:21:26 CET" duration-ms="498" status="PASS">
          <reporter-output>
          </reporter-output>
        </test-method> <!-- test_2 -->
      </class> <!-- tests.TestsExamples -->
    </test> <!-- Command line test -->
  </suite> <!-- tests.TestsExamples -->
</testng-results>
